<?xml version="1.0" encoding="UTF-8"?>
<!-- Generated by org.testng.reporters.JUnitReportReporter -->
<testsuite hostname="LAPTOP-A2TROOEB" failures="0" tests="1" name="com_hrms_testsripts3.TC002" time="6.575" errors="0" timestamp="1 Jan 2024 09:09:19 GMT">
  <testcase classname="com_hrms_testsripts3.TC002" name="tc002" time="6.575"/>
</testsuite> <!-- com_hrms_testsripts3.TC002 -->
